

================================================================
== Report Version
================================================================
* Tool:          Vivado(TM) HLS - High-Level Synthesis from C, C++ and SystemC
* Version:       2012.4
* Build date:    Fri Dec 07 12:41:34 PM 2012
* Copyright (C): 2012 Xilinx Inc. All rights reserved.


================================================================
== General Information
================================================================
* Project:  Sobel
* Solution: solution1
* Date:     Thu Apr 14 12:41:57 2016



================================================================
== User Assignments
================================================================
* Product Family:           zynq zynq_fpv6 
* Part:                     xc7z020clg484-1
* Top Model name:           Sobel
* Target clock period (ns): 10.00
* Clock uncertainty (ns):   3.00


================================================================
== Performance Estimates
================================================================
+ Summary of timing analysis: 
    * Estimated clock period (ns): 6.66
+ Summary of overall latency (clock cycles): 
    * Best-case latency:    0
    * Average-case latency: 179126
    * Worst-case latency:   358252


================================================================
== Area Estimates
================================================================
* Summary: 
(Target device: xc7z020clg484-1)
+---+-----------------+---------+-------+--------+-------+-------+
| ID|             Name| BRAM_18K| DSP48E|      FF|    LUT|  SLICE|
+---+-----------------+---------+-------+--------+-------+-------+
|  0|        Component|       18|      3|     476|    744|      -|
|  1|       Expression|        -|      -|       -|      -|      -|
|  2|             FIFO|        -|      -|       -|      -|      -|
|  3|           Memory|        -|      -|       -|      -|      -|
|  4|      Multiplexer|        -|      -|       -|      -|      -|
|  5|         Register|        -|      -|       -|      -|      -|
|  6|      ShiftMemory|        -|      -|       -|      -|      -|
+---+-----------------+---------+-------+--------+-------+-------+
|  -|            Total|       18|      3|     476|    744|      0|
+---+-----------------+---------+-------+--------+-------+-------+
|  -|        Available|      280|    220|  106400|  53200|  13300|
+---+-----------------+---------+-------+--------+-------+-------+
|  -|  Utilization (%)|        6|      1|      ~0|      1|      0|
+---+-----------------+---------+-------+--------+-------+-------+

+ Details: 
    * Component: 
    +---+---------------------------------------+---------+-------+-----+-----+
    | ID|                                   Name| BRAM_18K| DSP48E|   FF|  LUT|
    +---+---------------------------------------+---------+-------+-----+-----+
    |  0|  grp_Sobel_thread_fu_62 (Sobel_thread)|       18|      3|  476|  744|
    +---+---------------------------------------+---------+-------+-----+-----+
    |  -|                                  Total|       18|      3|  476|  744|
    +---+---------------------------------------+---------+-------+-----+-----+

    * Expression: 
    N/A

    * FIFO: 
    N/A

    * Memory: 
    N/A

    * Multiplexer: 
    N/A

    * Register: 
    N/A

    * ShiftMemory: 
    N/A

* Hierarchical Multiplexer Count: 
+---+---------------------------------------+-----+-----+------+
| ID|                                   Name| Size| Bits| Count|
+---+---------------------------------------+-----+-----+------+
|  0|                           (This level)|    0|    0|     0|
|  1|  grp_Sobel_thread_fu_62 (Sobel_thread)|   55|  269|   641|
+---+---------------------------------------+-----+-----+------+
|  -|                                  Total|   55|  269|   641|
+---+---------------------------------------+-----+-----+------+



================================================================
== Power Estimate
================================================================
* Summary: 
+---+-------------+------+
| ID|         Name| Power|
+---+-------------+------+
|  0|    Component|   121|
|  1|   Expression|     -|
|  2|         FIFO|     -|
|  3|       Memory|     -|
|  4|  Multiplexer|     -|
|  5|     Register|     -|
|  6|  ShiftMemory|     -|
+---+-------------+------+
|  -|        Total|   121|
+---+-------------+------+

* Hierarchical Register Count: 
+---+---------------------------------------+------+
| ID|                                   Name| Count|
+---+---------------------------------------+------+
|  0|                           (This level)|     0|
|  1|  grp_Sobel_thread_fu_62 (Sobel_thread)|   476|
+---+---------------------------------------+------+
|  -|                                  Total|   476|
+---+---------------------------------------+------+



================================================================
== Interface Summary
================================================================
* Interfaces: 
+---+-------------------+--------------+--------------+------+------------+----------+-----+-----+
| ID|          RTL Ports|        Object|          Type| Scope| IO Protocol| IO Config|  Dir| Bits|
+---+-------------------+--------------+--------------+------+------------+----------+-----+-----+
|  0|         nResetPort|  Sobel::Sobel|  return value|     -|           -|         -|   in|    1|
|  1|          ClockPort|             -|             -|     -|           -|         -|   in|    1|
|  2|     fifo_in_0_dout|     fifo_in_0|       pointer|     -|           -|         -|   in|   32|
|  3|  fifo_in_0_empty_n|             -|             -|     -|           -|         -|   in|    1|
|  4|     fifo_in_0_read|             -|             -|     -|           -|         -|  out|    1|
|  5|     fifo_out_0_din|    fifo_out_0|       pointer|     -|           -|         -|  out|   32|
|  6|  fifo_out_0_full_n|             -|             -|     -|           -|         -|   in|    1|
|  7|   fifo_out_0_write|             -|             -|     -|           -|         -|  out|    1|
+---+-------------------+--------------+--------------+------+------------+----------+-----+-----+

